2026-03-13 03:18:58.054 [INFO ] [org.openhab.core.Activator          ] - Starting openHAB 4.2.1 (Release Build)
2026-03-13 03:18:58.240 [INFO ] [.core.internal.i18n.I18nProviderImpl] - Time zone set to 'Europe/Kiev'.
2026-03-13 03:18:58.242 [INFO ] [.core.internal.i18n.I18nProviderImpl] - Locale set to 'uk_UA'.
2026-03-13 03:18:58.410 [WARN ] [.transport.servlet.ServletController] - Can't find the request for http://localhost:8080/rest/sitemaps/events/subscribe's Observer 
2026-03-13 03:18:59.995 [WARN ] [.transport.servlet.ServletController] - Can't find the request for http://localhost:8080/rest/services/org.openhab.i18n/config's Observer 
2026-03-13 03:18:59.996 [WARN ] [.transport.servlet.ServletController] - Can't find the request for http://localhost:8080/rest/addons/suggestions's Observer 
2026-03-13 03:18:59.997 [WARN ] [.transport.servlet.ServletController] - Can't find the request for http://localhost:8080/rest/addons/services's Observer 
2026-03-13 03:19:01.164 [INFO ] [el.core.internal.ModelRepositoryImpl] - Loading model 'iot_devices.items'
2026-03-13 03:19:01.399 [INFO ] [el.core.internal.ModelRepositoryImpl] - Loading model 'rrd4j.persist'
2026-03-13 03:19:01.565 [INFO ] [el.core.internal.ModelRepositoryImpl] - Loading model 'iot_dashboard.sitemap'
2026-03-13 03:19:01.657 [INFO ] [el.core.internal.ModelRepositoryImpl] - Loading model 'mqtt_zigbee.things'
2026-03-13 03:19:02.266 [WARN ] [ity.CommunityMarketplaceAddonService] - Unable to retrieve marketplace add-ons: java.lang.IllegalStateException: Expected a string but was BEGIN_OBJECT at line 1 column 21575 path $.topic_list.topics[1].tags[0]
2026-03-13 03:19:03.053 [INFO ] [.core.model.lsp.internal.ModelServer] - Started Language Server Protocol (LSP) service on port 5007
2026-03-13 03:19:03.125 [INFO ] [el.core.internal.ModelRepositoryImpl] - Loading model 'bridge.rules'
2026-03-13 03:19:03.738 [INFO ] [.thing.internal.GenericThingProvider] - No ThingHandlerFactory found for thing mqtt:broker:mosquitto (thing-type is mqtt:broker). Deferring initialization.
2026-03-13 03:19:03.739 [INFO ] [.thing.internal.GenericThingProvider] - No ThingHandlerFactory found for thing mqtt:topic:mosquitto:temperature (thing-type is mqtt:topic). Deferring initialization.
2026-03-13 03:19:03.740 [INFO ] [.thing.internal.GenericThingProvider] - No ThingHandlerFactory found for thing mqtt:topic:mosquitto:humidity (thing-type is mqtt:topic). Deferring initialization.
2026-03-13 03:19:03.741 [INFO ] [.thing.internal.GenericThingProvider] - No ThingHandlerFactory found for thing mqtt:topic:mosquitto:light (thing-type is mqtt:topic). Deferring initialization.
2026-03-13 03:19:08.712 [INFO ] [e.automation.internal.RuleEngineImpl] - Rule engine started.
2026-03-13 03:19:09.677 [INFO ] [rt.modbus.internal.ModbusManagerImpl] - Modbus manager activated
2026-03-13 03:19:10.038 [WARN ] [ty.util.ssl.SslContextFactory.config] - Trusting all certificates configured for Client@6d799bb4[provider=null,keyStore=null,trustStore=null]
2026-03-13 03:19:10.039 [WARN ] [ty.util.ssl.SslContextFactory.config] - No Client EndPointIdentificationAlgorithm configured for Client@6d799bb4[provider=null,keyStore=null,trustStore=null]
2026-03-13 03:19:10.063 [INFO ] [.transport.mqtt.MqttBrokerConnection] - Starting MQTT broker connection to 'localhost' with clientid openhab
2026-03-13 03:19:10.063 [INFO ] [.transport.mqtt.MqttBrokerConnection] - Starting MQTT broker connection to 'localhost' with clientid d047b53c-1f50-459d-9962-e8e30bf9d3bc
2026-03-13 03:19:10.212 [INFO ] [io.openhabcloud.internal.CloudClient] - Connected to the openHAB Cloud service (UUID = 03...99, base URL = http://localhost:8080)
2026-03-13 03:19:20.081 [INFO ] [.reconnect.PeriodicReconnectStrategy] - Try to restore connection to 'localhost'. Next attempt in 60000ms
2026-03-13 03:19:20.082 [INFO ] [.reconnect.PeriodicReconnectStrategy] - Try to restore connection to 'localhost'. Next attempt in 60000ms
2026-03-13 03:19:20.092 [INFO ] [.transport.mqtt.MqttBrokerConnection] - Starting MQTT broker connection to 'localhost' with clientid openhab
2026-03-13 03:19:20.092 [INFO ] [.transport.mqtt.MqttBrokerConnection] - Starting MQTT broker connection to 'localhost' with clientid d047b53c-1f50-459d-9962-e8e30bf9d3bc
2026-03-13 03:20:20.096 [INFO ] [.reconnect.PeriodicReconnectStrategy] - Try to restore connection to 'localhost'. Next attempt in 60000ms
2026-03-13 03:20:20.097 [INFO ] [.reconnect.PeriodicReconnectStrategy] - Try to restore connection to 'localhost'. Next attempt in 60000ms
2026-03-13 03:20:20.099 [INFO ] [.transport.mqtt.MqttBrokerConnection] - Starting MQTT broker connection to 'localhost' with clientid openhab
2026-03-13 03:20:20.105 [INFO ] [.transport.mqtt.MqttBrokerConnection] - Starting MQTT broker connection to 'localhost' with clientid d047b53c-1f50-459d-9962-e8e30bf9d3bc
2026-03-13 03:21:20.102 [INFO ] [.reconnect.PeriodicReconnectStrategy] - Try to restore connection to 'localhost'. Next attempt in 60000ms
2026-03-13 03:21:20.105 [INFO ] [.transport.mqtt.MqttBrokerConnection] - Starting MQTT broker connection to 'localhost' with clientid openhab
2026-03-13 03:21:20.106 [INFO ] [.reconnect.PeriodicReconnectStrategy] - Try to restore connection to 'localhost'. Next attempt in 60000ms
2026-03-13 03:21:20.111 [INFO ] [.transport.mqtt.MqttBrokerConnection] - Starting MQTT broker connection to 'localhost' with clientid d047b53c-1f50-459d-9962-e8e30bf9d3bc
2026-03-13 03:22:20.106 [INFO ] [.reconnect.PeriodicReconnectStrategy] - Try to restore connection to 'localhost'. Next attempt in 60000ms
2026-03-13 03:22:20.109 [INFO ] [.transport.mqtt.MqttBrokerConnection] - Starting MQTT broker connection to 'localhost' with clientid openhab
2026-03-13 03:22:20.113 [INFO ] [.reconnect.PeriodicReconnectStrategy] - Try to restore connection to 'localhost'. Next attempt in 60000ms
2026-03-13 03:22:20.116 [INFO ] [.transport.mqtt.MqttBrokerConnection] - Starting MQTT broker connection to 'localhost' with clientid d047b53c-1f50-459d-9962-e8e30bf9d3bc
2026-03-13 03:23:20.110 [INFO ] [.reconnect.PeriodicReconnectStrategy] - Try to restore connection to 'localhost'. Next attempt in 60000ms
2026-03-13 03:23:20.112 [INFO ] [.transport.mqtt.MqttBrokerConnection] - Starting MQTT broker connection to 'localhost' with clientid openhab
2026-03-13 03:23:20.117 [INFO ] [.reconnect.PeriodicReconnectStrategy] - Try to restore connection to 'localhost'. Next attempt in 60000ms
2026-03-13 03:23:20.120 [INFO ] [.transport.mqtt.MqttBrokerConnection] - Starting MQTT broker connection to 'localhost' with clientid d047b53c-1f50-459d-9962-e8e30bf9d3bc
2026-03-13 03:24:20.114 [INFO ] [.reconnect.PeriodicReconnectStrategy] - Try to restore connection to 'localhost'. Next attempt in 60000ms
2026-03-13 03:24:20.116 [INFO ] [.transport.mqtt.MqttBrokerConnection] - Starting MQTT broker connection to 'localhost' with clientid openhab
2026-03-13 03:24:20.121 [INFO ] [.reconnect.PeriodicReconnectStrategy] - Try to restore connection to 'localhost'. Next attempt in 60000ms
2026-03-13 03:24:20.123 [INFO ] [.transport.mqtt.MqttBrokerConnection] - Starting MQTT broker connection to 'localhost' with clientid d047b53c-1f50-459d-9962-e8e30bf9d3bc
2026-03-13 03:25:20.118 [INFO ] [.reconnect.PeriodicReconnectStrategy] - Try to restore connection to 'localhost'. Next attempt in 60000ms
2026-03-13 03:25:20.120 [INFO ] [.transport.mqtt.MqttBrokerConnection] - Starting MQTT broker connection to 'localhost' with clientid openhab
2026-03-13 03:25:20.126 [INFO ] [.reconnect.PeriodicReconnectStrategy] - Try to restore connection to 'localhost'. Next attempt in 60000ms
2026-03-13 03:25:20.128 [INFO ] [.transport.mqtt.MqttBrokerConnection] - Starting MQTT broker connection to 'localhost' with clientid d047b53c-1f50-459d-9962-e8e30bf9d3bc
2026-03-13 03:26:20.122 [INFO ] [.reconnect.PeriodicReconnectStrategy] - Try to restore connection to 'localhost'. Next attempt in 60000ms
2026-03-13 03:26:20.125 [INFO ] [.transport.mqtt.MqttBrokerConnection] - Starting MQTT broker connection to 'localhost' with clientid openhab
2026-03-13 03:26:20.130 [INFO ] [.reconnect.PeriodicReconnectStrategy] - Try to restore connection to 'localhost'. Next attempt in 60000ms
2026-03-13 03:26:20.133 [INFO ] [.transport.mqtt.MqttBrokerConnection] - Starting MQTT broker connection to 'localhost' with clientid d047b53c-1f50-459d-9962-e8e30bf9d3bc
2026-03-13 03:27:20.125 [INFO ] [.reconnect.PeriodicReconnectStrategy] - Try to restore connection to 'localhost'. Next attempt in 60000ms
2026-03-13 03:27:20.127 [INFO ] [.transport.mqtt.MqttBrokerConnection] - Starting MQTT broker connection to 'localhost' with clientid openhab
2026-03-13 03:27:20.134 [INFO ] [.reconnect.PeriodicReconnectStrategy] - Try to restore connection to 'localhost'. Next attempt in 60000ms
2026-03-13 03:27:20.135 [INFO ] [.transport.mqtt.MqttBrokerConnection] - Starting MQTT broker connection to 'localhost' with clientid d047b53c-1f50-459d-9962-e8e30bf9d3bc
2026-03-13 03:28:20.134 [INFO ] [.reconnect.PeriodicReconnectStrategy] - Try to restore connection to 'localhost'. Next attempt in 60000ms
2026-03-13 03:28:20.137 [INFO ] [.transport.mqtt.MqttBrokerConnection] - Starting MQTT broker connection to 'localhost' with clientid openhab
2026-03-13 03:28:20.138 [INFO ] [.reconnect.PeriodicReconnectStrategy] - Try to restore connection to 'localhost'. Next attempt in 60000ms
2026-03-13 03:28:20.143 [INFO ] [.transport.mqtt.MqttBrokerConnection] - Starting MQTT broker connection to 'localhost' with clientid d047b53c-1f50-459d-9962-e8e30bf9d3bc
2026-03-13 03:29:20.142 [INFO ] [.reconnect.PeriodicReconnectStrategy] - Try to restore connection to 'localhost'. Next attempt in 60000ms
2026-03-13 03:29:20.144 [INFO ] [.reconnect.PeriodicReconnectStrategy] - Try to restore connection to 'localhost'. Next attempt in 60000ms
2026-03-13 03:29:20.146 [INFO ] [.transport.mqtt.MqttBrokerConnection] - Starting MQTT broker connection to 'localhost' with clientid d047b53c-1f50-459d-9962-e8e30bf9d3bc
2026-03-13 03:29:20.146 [INFO ] [.transport.mqtt.MqttBrokerConnection] - Starting MQTT broker connection to 'localhost' with clientid openhab
